Arguments: 
  C:\Program Files\nodejs\node.exe C:\Users\Administrator\AppData\Roaming\npm\node_modules\yarn\bin\yarn.js

PATH: 
  C:\Program Files (x86)\Razer\ChromaBroadcast\bin;C:\Program Files\Razer\ChromaBroadcast\bin;C:\Windows\system32;C:\Windows;C:\Windows\System32\Wbem;C:\Windows\System32\WindowsPowerShell\v1.0\;C:\Program Files (x86)\NVIDIA Corporation\PhysX\Common;C:\Program Files\NVIDIA Corporation\NVIDIA NvDLISR;C:\Program Files\Git\cmd;C:\WINDOWS\system32;C:\WINDOWS;C:\WINDOWS\System32\Wbem;C:\WINDOWS\System32\WindowsPowerShell\v1.0\;C:\WINDOWS\System32\OpenSSH\;C:\Program Files\nodejs\;C:\Users\Administrator\AppData\Local\Microsoft\WindowsApps;;D:\Microsoft VS Code\bin;C:\Users\Administrator\AppData\Roaming\npm;%SystemRoot%\system32;%SystemRoot%;%SystemRoot%\System32\Wbem;%SYSTEMROOT%\System32\WindowsPowerShell\v1.0\;%SYSTEMROOT%\System32\OpenSSH\;C:\Users\Administrator\.windows-build-tools\python27\;C:\Users\Administrator\AppData\Local\Microsoft\WindowsApps;;D:\Microsoft VS Code\bin;C:\Users\Administrator\AppData\Roaming\npm;%USERPROFILE%\AppData\Local\Microsoft\WindowsApps

Yarn version: 
  1.22.10

Node version: 
  12.11.1

Platform: 
  win32 x64

Trace: 
  Error: EPERM: operation not permitted, unlink 'D:\前端\shop_admin\node_modules\_esbuild-windows-64@0.13.15@esbuild-windows-64\esbuild.exe'

npm manifest: 
  {
    "name": "shop_admin",
    "version": "0.0.0",
    "scripts": {
      "dev": "vite",
      "build": "vue-tsc --noEmit && vite build",
      "serve": "vite preview",
      "lint": "eslint src/**/*.{js,jsx,vue,ts,tsx} --fix",
      "prepare": "husky install"
    },
    "dependencies": {
      "vue": "^3.2.16"
    },
    "devDependencies": {
      "@typescript-eslint/eslint-plugin": "^5.5.0",
      "@typescript-eslint/parser": "^5.5.0",
      "@vitejs/plugin-vue": "^1.9.3",
      "eslint": "^7.32.0",
      "eslint-config-standard": "^16.0.3",
      "eslint-plugin-import": "^2.25.3",
      "eslint-plugin-node": "^11.1.0",
      "eslint-plugin-promise": "^5.2.0",
      "eslint-plugin-vue": "^8.1.1",
      "husky": "^7.0.1",
      "lint-staged": "^12.1.2",
      "typescript": "^4.4.3",
      "vite": "^2.6.4",
      "vue-loader": "^14.2.4",
      "vue-tsc": "^0.3.0"
    },
    "lint-staged": {
      "*.{js,jsx,vue,ts,tsx}": [
        "npm run lint"
      ]
    }
  }

yarn manifest: 
  No manifest

Lockfile: 
  No lockfile
